0 verbose cli C:\Program Files\nodejs\node.exe C:\Users\mikem\.npm-global\node_modules\npm\bin\npm-cli.js
1 info using npm@10.8.2
2 info using node@v20.11.1
3 silly config load:file:C:\Users\mikem\.npm-global\node_modules\npm\npmrc
4 silly config load:file:C:\Users\mikem\Desktop\Evangadi\Phase-3\Week-5\Apple-Class Component-and-Props\react-apple-props\.npmrc
5 silly config load:file:C:\Users\mikem\.npmrc
6 silly config load:file:C:\Users\mikem\.npm-global\etc\npmrc
7 verbose title npm install gh-pages
8 verbose argv "install" "--save-dev" "gh-pages"
9 verbose logfile logs-max:10 dir:C:\Users\mikem\Desktop\Evangadi\Phase-3\Week-5\Apple-Class Component-and-Props\react-apple-props\Usersmikem.npm\_logs\2024-08-04T22_59_46_379Z-
10 verbose logfile C:\Users\mikem\Desktop\Evangadi\Phase-3\Week-5\Apple-Class Component-and-Props\react-apple-props\Usersmikem.npm\_logs\2024-08-04T22_59_46_379Z-debug-0.log
11 silly packumentCache heap:4345298944 maxSize:1086324736 maxEntrySize:543162368
12 silly logfile done cleaning log files
13 silly idealTree buildDeps
14 silly fetch manifest gh-pages@*
15 silly packumentCache full:https://registry.npmjs.org/gh-pages cache-miss
16 http fetch GET 200 https://registry.npmjs.org/gh-pages 398ms (cache miss)
17 silly packumentCache full:https://registry.npmjs.org/gh-pages set size:undefined disposed:false
18 silly placeDep ROOT gh-pages@6.1.1 OK for: react-apple-props@0.1.0 want: *
19 silly fetch manifest commander@^11.0.0
20 silly packumentCache full:https://registry.npmjs.org/commander cache-miss
21 silly fetch manifest email-addresses@^5.0.0
22 silly packumentCache full:https://registry.npmjs.org/email-addresses cache-miss
23 silly fetch manifest filenamify@^4.3.0
24 silly packumentCache full:https://registry.npmjs.org/filenamify cache-miss
25 silly fetch manifest fs-extra@^11.1.1
26 silly packumentCache full:https://registry.npmjs.org/fs-extra cache-miss
27 silly fetch manifest globby@^6.1.0
28 silly packumentCache full:https://registry.npmjs.org/globby cache-miss
29 http fetch GET 200 https://registry.npmjs.org/commander 84ms (cache miss)
30 silly packumentCache full:https://registry.npmjs.org/commander set size:undefined disposed:false
31 http fetch GET 200 https://registry.npmjs.org/filenamify 103ms (cache miss)
32 silly packumentCache full:https://registry.npmjs.org/filenamify set size:undefined disposed:false
33 http fetch GET 200 https://registry.npmjs.org/email-addresses 113ms (cache miss)
34 silly packumentCache full:https://registry.npmjs.org/email-addresses set size:undefined disposed:false
35 http fetch GET 200 https://registry.npmjs.org/globby 133ms (cache miss)
36 silly packumentCache full:https://registry.npmjs.org/globby set size:undefined disposed:false
37 http fetch GET 200 https://registry.npmjs.org/fs-extra 136ms (cache miss)
38 silly packumentCache full:https://registry.npmjs.org/fs-extra set size:undefined disposed:false
39 silly placeDep node_modules/gh-pages commander@11.1.0 OK for: gh-pages@6.1.1 want: ^11.0.0
40 silly placeDep ROOT email-addresses@5.0.0 OK for: gh-pages@6.1.1 want: ^5.0.0
41 silly placeDep ROOT filenamify@4.3.0 OK for: gh-pages@6.1.1 want: ^4.3.0
42 silly placeDep node_modules/gh-pages fs-extra@11.2.0 OK for: gh-pages@6.1.1 want: ^11.1.1
43 silly placeDep node_modules/gh-pages globby@6.1.0 OK for: gh-pages@6.1.1 want: ^6.1.0
44 silly fetch manifest filename-reserved-regex@^2.0.0
45 silly packumentCache full:https://registry.npmjs.org/filename-reserved-regex cache-miss
46 silly fetch manifest strip-outer@^1.0.1
47 silly packumentCache full:https://registry.npmjs.org/strip-outer cache-miss
48 silly fetch manifest trim-repeated@^1.0.0
49 silly packumentCache full:https://registry.npmjs.org/trim-repeated cache-miss
50 silly fetch manifest array-union@^1.0.1
51 silly packumentCache full:https://registry.npmjs.org/array-union cache-miss
52 silly fetch manifest pinkie-promise@^2.0.0
53 silly packumentCache full:https://registry.npmjs.org/pinkie-promise cache-miss
54 http fetch GET 200 https://registry.npmjs.org/array-union 53ms (cache miss)
55 silly packumentCache full:https://registry.npmjs.org/array-union set size:undefined disposed:false
56 http fetch GET 200 https://registry.npmjs.org/strip-outer 55ms (cache miss)
57 silly packumentCache full:https://registry.npmjs.org/strip-outer set size:undefined disposed:false
58 http fetch GET 200 https://registry.npmjs.org/filename-reserved-regex 60ms (cache miss)
59 silly packumentCache full:https://registry.npmjs.org/filename-reserved-regex set size:undefined disposed:false
60 http fetch GET 200 https://registry.npmjs.org/pinkie-promise 61ms (cache miss)
61 silly packumentCache full:https://registry.npmjs.org/pinkie-promise set size:undefined disposed:false
62 http fetch GET 200 https://registry.npmjs.org/trim-repeated 61ms (cache miss)
63 silly packumentCache full:https://registry.npmjs.org/trim-repeated set size:undefined disposed:false
64 silly placeDep ROOT filename-reserved-regex@2.0.0 OK for: filenamify@4.3.0 want: ^2.0.0
65 silly placeDep ROOT strip-outer@1.0.1 OK for: filenamify@4.3.0 want: ^1.0.1
66 silly placeDep ROOT trim-repeated@1.0.0 OK for: filenamify@4.3.0 want: ^1.0.0
67 silly placeDep node_modules/gh-pages array-union@1.0.2 OK for: globby@6.1.0 want: ^1.0.1
68 silly placeDep ROOT pinkie-promise@2.0.1 OK for: globby@6.1.0 want: ^2.0.0
69 silly fetch manifest array-uniq@^1.0.1
70 silly packumentCache full:https://registry.npmjs.org/array-uniq cache-miss
71 silly fetch manifest pinkie@^2.0.0
72 silly packumentCache full:https://registry.npmjs.org/pinkie cache-miss
73 http fetch GET 200 https://registry.npmjs.org/pinkie 32ms (cache miss)
74 silly packumentCache full:https://registry.npmjs.org/pinkie set size:undefined disposed:false
75 http fetch GET 200 https://registry.npmjs.org/array-uniq 43ms (cache miss)
76 silly packumentCache full:https://registry.npmjs.org/array-uniq set size:undefined disposed:false
77 silly placeDep ROOT pinkie@2.0.4 OK for: pinkie-promise@2.0.1 want: ^2.0.0
78 silly placeDep ROOT array-uniq@1.0.3 OK for: array-union@1.0.2 want: ^1.0.1
79 silly reify moves {}
80 silly audit bulk request {
80 silly audit   '@aashutoshrathi/word-wrap': [ '1.2.6' ],
80 silly audit   '@adobe/css-tools': [ '4.3.3' ],
80 silly audit   '@alloc/quick-lru': [ '5.2.0' ],
80 silly audit   '@ampproject/remapping': [ '2.3.0' ],
80 silly audit   '@babel/code-frame': [ '7.24.2' ],
80 silly audit   '@babel/compat-data': [ '7.24.1' ],
80 silly audit   '@babel/core': [ '7.24.3' ],
80 silly audit   semver: [ '6.3.1', '7.6.0' ],
80 silly audit   '@babel/eslint-parser': [ '7.24.1' ],
80 silly audit   'eslint-visitor-keys': [ '2.1.0', '3.4.3' ],
80 silly audit   '@babel/generator': [ '7.24.1' ],
80 silly audit   '@babel/helper-annotate-as-pure': [ '7.22.5' ],
80 silly audit   '@babel/helper-builder-binary-assignment-operator-visitor': [ '7.22.15' ],
80 silly audit   '@babel/helper-compilation-targets': [ '7.23.6' ],
80 silly audit   '@babel/helper-create-class-features-plugin': [ '7.24.1' ],
80 silly audit   '@babel/helper-create-regexp-features-plugin': [ '7.22.15' ],
80 silly audit   '@babel/helper-define-polyfill-provider': [ '0.6.1' ],
80 silly audit   '@babel/helper-environment-visitor': [ '7.22.20' ],
80 silly audit   '@babel/helper-function-name': [ '7.23.0' ],
80 silly audit   '@babel/helper-hoist-variables': [ '7.22.5' ],
80 silly audit   '@babel/helper-member-expression-to-functions': [ '7.23.0' ],
80 silly audit   '@babel/helper-module-imports': [ '7.24.3' ],
80 silly audit   '@babel/helper-module-transforms': [ '7.23.3' ],
80 silly audit   '@babel/helper-optimise-call-expression': [ '7.22.5' ],
80 silly audit   '@babel/helper-plugin-utils': [ '7.24.0' ],
80 silly audit   '@babel/helper-remap-async-to-generator': [ '7.22.20' ],
80 silly audit   '@babel/helper-replace-supers': [ '7.24.1' ],
80 silly audit   '@babel/helper-simple-access': [ '7.22.5' ],
80 silly audit   '@babel/helper-skip-transparent-expression-wrappers': [ '7.22.5' ],
80 silly audit   '@babel/helper-split-export-declaration': [ '7.22.6' ],
80 silly audit   '@babel/helper-string-parser': [ '7.24.1' ],
80 silly audit   '@babel/helper-validator-identifier': [ '7.22.20' ],
80 silly audit   '@babel/helper-validator-option': [ '7.23.5' ],
80 silly audit   '@babel/helper-wrap-function': [ '7.22.20' ],
80 silly audit   '@babel/helpers': [ '7.24.1' ],
80 silly audit   '@babel/highlight': [ '7.24.2' ],
80 silly audit   '@babel/parser': [ '7.24.1' ],
80 silly audit   '@babel/plugin-bugfix-safari-id-destructuring-collision-in-function-expression': [ '7.24.1' ],
80 silly audit   '@babel/plugin-bugfix-v8-spread-parameters-in-optional-chaining': [ '7.24.1' ],
80 silly audit   '@babel/plugin-bugfix-v8-static-class-fields-redefine-readonly': [ '7.24.1' ],
80 silly audit   '@babel/plugin-proposal-class-properties': [ '7.18.6' ],
80 silly audit   '@babel/plugin-proposal-decorators': [ '7.24.1' ],
80 silly audit   '@babel/plugin-proposal-nullish-coalescing-operator': [ '7.18.6' ],
80 silly audit   '@babel/plugin-proposal-numeric-separator': [ '7.18.6' ],
80 silly audit   '@babel/plugin-proposal-optional-chaining': [ '7.21.0' ],
80 silly audit   '@babel/plugin-proposal-private-methods': [ '7.18.6' ],
80 silly audit   '@babel/plugin-proposal-private-property-in-object': [ '7.21.0-placeholder-for-preset-env.2' ],
80 silly audit   '@babel/plugin-syntax-async-generators': [ '7.8.4' ],
80 silly audit   '@babel/plugin-syntax-bigint': [ '7.8.3' ],
80 silly audit   '@babel/plugin-syntax-class-properties': [ '7.12.13' ],
80 silly audit   '@babel/plugin-syntax-class-static-block': [ '7.14.5' ],
80 silly audit   '@babel/plugin-syntax-decorators': [ '7.24.1' ],
80 silly audit   '@babel/plugin-syntax-dynamic-import': [ '7.8.3' ],
80 silly audit   '@babel/plugin-syntax-export-namespace-from': [ '7.8.3' ],
80 silly audit   '@babel/plugin-syntax-flow': [ '7.24.1' ],
80 silly audit   '@babel/plugin-syntax-import-assertions': [ '7.24.1' ],
80 silly audit   '@babel/plugin-syntax-import-attributes': [ '7.24.1' ],
80 silly audit   '@babel/plugin-syntax-import-meta': [ '7.10.4' ],
80 silly audit   '@babel/plugin-syntax-json-strings': [ '7.8.3' ],
80 silly audit   '@babel/plugin-syntax-jsx': [ '7.24.1' ],
80 silly audit   '@babel/plugin-syntax-logical-assignment-operators': [ '7.10.4' ],
80 silly audit   '@babel/plugin-syntax-nullish-coalescing-operator': [ '7.8.3' ],
80 silly audit   '@babel/plugin-syntax-numeric-separator': [ '7.10.4' ],
80 silly audit   '@babel/plugin-syntax-object-rest-spread': [ '7.8.3' ],
80 silly audit   '@babel/plugin-syntax-optional-catch-binding': [ '7.8.3' ],
80 silly audit   '@babel/plugin-syntax-optional-chaining': [ '7.8.3' ],
80 silly audit   '@babel/plugin-syntax-private-property-in-object': [ '7.14.5' ],
80 silly audit   '@babel/plugin-syntax-top-level-await': [ '7.14.5' ],
80 silly audit   '@babel/plugin-syntax-typescript': [ '7.24.1' ],
80 silly audit   '@babel/plugin-syntax-unicode-sets-regex': [ '7.18.6' ],
80 silly audit   '@babel/plugin-transform-arrow-functions': [ '7.24.1' ],
80 silly audit   '@babel/plugin-transform-async-generator-functions': [ '7.24.3' ],
80 silly audit   '@babel/plugin-transform-async-to-generator': [ '7.24.1' ],
80 silly audit   '@babel/plugin-transform-block-scoped-functions': [ '7.24.1' ],
80 silly audit   '@babel/plugin-transform-block-scoping': [ '7.24.1' ],
80 silly audit   '@babel/plugin-transform-class-properties': [ '7.24.1' ],
80 silly audit   '@babel/plugin-transform-class-static-block': [ '7.24.1' ],
80 silly audit   '@babel/plugin-transform-classes': [ '7.24.1' ],
80 silly audit   '@babel/plugin-transform-computed-properties': [ '7.24.1' ],
80 silly audit   '@babel/plugin-transform-destructuring': [ '7.24.1' ],
80 silly audit   '@babel/plugin-transform-dotall-regex': [ '7.24.1' ],
80 silly audit   '@babel/plugin-transform-duplicate-keys': [ '7.24.1' ],
80 silly audit   '@babel/plugin-transform-dynamic-import': [ '7.24.1' ],
80 silly audit   '@babel/plugin-transform-exponentiation-operator': [ '7.24.1' ],
80 silly audit   '@babel/plugin-transform-export-namespace-from': [ '7.24.1' ],
80 silly audit   '@babel/plugin-transform-flow-strip-types': [ '7.24.1' ],
80 silly audit   '@babel/plugin-transform-for-of': [ '7.24.1' ],
80 silly audit   '@babel/plugin-transform-function-name': [ '7.24.1' ],
80 silly audit   '@babel/plugin-transform-json-strings': [ '7.24.1' ],
80 silly audit   '@babel/plugin-transform-literals': [ '7.24.1' ],
80 silly audit   '@babel/plugin-transform-logical-assignment-operators': [ '7.24.1' ],
80 silly audit   '@babel/plugin-transform-member-expression-literals': [ '7.24.1' ],
80 silly audit   '@babel/plugin-transform-modules-amd': [ '7.24.1' ],
80 silly audit   '@babel/plugin-transform-modules-commonjs': [ '7.24.1' ],
80 silly audit   '@babel/plugin-transform-modules-systemjs': [ '7.24.1' ],
80 silly audit   '@babel/plugin-transform-modules-umd': [ '7.24.1' ],
80 silly audit   '@babel/plugin-transform-named-capturing-groups-regex': [ '7.22.5' ],
80 silly audit   '@babel/plugin-transform-new-target': [ '7.24.1' ],
80 silly audit   '@babel/plugin-transform-nullish-coalescing-operator': [ '7.24.1' ],
80 silly audit   '@babel/plugin-transform-numeric-separator': [ '7.24.1' ],
80 silly audit   '@babel/plugin-transform-object-rest-spread': [ '7.24.1' ],
80 silly audit   '@babel/plugin-transform-object-super': [ '7.24.1' ],
80 silly audit   '@babel/plugin-transform-optional-catch-binding': [ '7.24.1' ],
80 silly audit   '@babel/plugin-transform-optional-chaining': [ '7.24.1' ],
80 silly audit   '@babel/plugin-transform-parameters': [ '7.24.1' ],
80 silly audit   '@babel/plugin-transform-private-methods': [ '7.24.1' ],
80 silly audit   '@babel/plugin-transform-private-property-in-object': [ '7.24.1' ],
80 silly audit   '@babel/plugin-transform-property-literals': [ '7.24.1' ],
80 silly audit   '@babel/plugin-transform-react-constant-elements': [ '7.24.1' ],
80 silly audit   '@babel/plugin-transform-react-display-name': [ '7.24.1' ],
80 silly audit   '@babel/plugin-transform-react-jsx': [ '7.23.4' ],
80 silly audit   '@babel/plugin-transform-react-jsx-development': [ '7.22.5' ],
80 silly audit   '@babel/plugin-transform-react-pure-annotations': [ '7.24.1' ],
80 silly audit   '@babel/plugin-transform-regenerator': [ '7.24.1' ],
80 silly audit   '@babel/plugin-transform-reserved-words': [ '7.24.1' ],
80 silly audit   '@babel/plugin-transform-runtime': [ '7.24.3' ],
80 silly audit   '@babel/plugin-transform-shorthand-properties': [ '7.24.1' ],
80 silly audit   '@babel/plugin-transform-spread': [ '7.24.1' ],
80 silly audit   '@babel/plugin-transform-sticky-regex': [ '7.24.1' ],
80 silly audit   '@babel/plugin-transform-template-literals': [ '7.24.1' ],
80 silly audit   '@babel/plugin-transform-typeof-symbol': [ '7.24.1' ],
80 silly audit   '@babel/plugin-transform-typescript': [ '7.24.1' ],
80 silly audit   '@babel/plugin-transform-unicode-escapes': [ '7.24.1' ],
80 silly audit   '@babel/plugin-transform-unicode-property-regex': [ '7.24.1' ],
80 silly audit   '@babel/plugin-transform-unicode-regex': [ '7.24.1' ],
80 silly audit   '@babel/plugin-transform-unicode-sets-regex': [ '7.24.1' ],
80 silly audit   '@babel/preset-env': [ '7.24.3' ],
80 silly audit   '@babel/preset-modules': [ '0.1.6-no-external-plugins' ],
80 silly audit   '@babel/preset-react': [ '7.24.1' ],
80 silly audit   '@babel/preset-typescript': [ '7.24.1' ],
80 silly audit   '@babel/regjsgen': [ '0.8.0' ],
80 silly audit   '@babel/runtime': [ '7.24.1' ],
80 silly audit   '@babel/template': [ '7.24.0' ],
80 silly audit   '@babel/traverse': [ '7.24.1' ],
80 silly audit   '@babel/types': [ '7.24.0' ],
80 silly audit   '@bcoe/v8-coverage': [ '0.2.3' ],
80 silly audit   '@csstools/normalize.css': [ '12.1.1' ],
80 silly audit   '@csstools/postcss-cascade-layers': [ '1.1.1' ],
80 silly audit   '@csstools/postcss-color-function': [ '1.1.1' ],
80 silly audit   '@csstools/postcss-font-format-keywords': [ '1.0.1' ],
80 silly audit   '@csstools/postcss-hwb-function': [ '1.0.2' ],
80 silly audit   '@csstools/postcss-ic-unit': [ '1.0.1' ],
80 silly audit   '@csstools/postcss-is-pseudo-class': [ '2.0.7' ],
80 silly audit   '@csstools/postcss-nested-calc': [ '1.0.0' ],
80 silly audit   '@csstools/postcss-normalize-display-values': [ '1.0.1' ],
80 silly audit   '@csstools/postcss-oklab-function': [ '1.1.1' ],
80 silly audit   '@csstools/postcss-progressive-custom-properties': [ '1.3.0' ],
80 silly audit   '@csstools/postcss-stepped-value-functions': [ '1.0.1' ],
80 silly audit   '@csstools/postcss-text-decoration-shorthand': [ '1.0.0' ],
80 silly audit   '@csstools/postcss-trigonometric-functions': [ '1.0.2' ],
80 silly audit   '@csstools/postcss-unset-value': [ '1.0.2' ],
80 silly audit   '@csstools/selector-specificity': [ '2.2.0' ],
80 silly audit   '@eslint-community/eslint-utils': [ '4.4.0' ],
80 silly audit   '@eslint-community/regexpp': [ '4.10.0' ],
80 silly audit   '@eslint/eslintrc': [ '2.1.4' ],
80 silly audit   argparse: [ '2.0.1', '1.0.10' ],
80 silly audit   globals: [ '13.24.0', '11.12.0' ],
80 silly audit   'js-yaml': [ '4.1.0', '3.14.1' ],
80 silly audit   'type-fest': [ '0.20.2', '0.16.0', '0.21.3' ],
80 silly audit   '@eslint/js': [ '8.57.0' ],
80 silly audit   '@humanwhocodes/config-array': [ '0.11.14' ],
80 silly audit   '@humanwhocodes/module-importer': [ '1.0.1' ],
80 silly audit   '@humanwhocodes/object-schema': [ '2.0.2' ],
80 silly audit   '@isaacs/cliui': [ '8.0.2' ],
80 silly audit   'ansi-regex': [ '6.0.1', '5.0.1' ],
80 silly audit   'ansi-styles': [ '6.2.1', '4.3.0', '5.2.0', '3.2.1' ],
80 silly audit   'string-width': [ '5.1.2', '4.2.3' ],
80 silly audit   'strip-ansi': [ '7.1.0', '6.0.1' ],
80 silly audit   'wrap-ansi': [ '8.1.0', '7.0.0' ],
80 silly audit   '@istanbuljs/load-nyc-config': [ '1.1.0' ],
80 silly audit   camelcase: [ '5.3.1', '6.3.0' ],
80 silly audit   'find-up': [ '4.1.0', '5.0.0', '3.0.0' ],
80 silly audit   'locate-path': [ '5.0.0', '6.0.0', '3.0.0' ],
80 silly audit   'p-limit': [ '2.3.0', '3.1.0' ],
80 silly audit   'p-locate': [ '4.1.0', '5.0.0', '3.0.0' ],
80 silly audit   '@istanbuljs/schema': [ '0.1.3' ],
80 silly audit   '@jest/console': [ '27.5.1', '28.1.3' ],
80 silly audit   chalk: [ '4.1.2', '3.0.0', '2.4.2' ],
80 silly audit   'color-convert': [ '2.0.1', '1.9.3' ],
80 silly audit   'color-name': [ '1.1.4', '1.1.3' ],
80 silly audit   'has-flag': [ '4.0.0', '3.0.0' ],
80 silly audit   'supports-color': [ '7.2.0', '8.1.1', '5.5.0' ],
80 silly audit   '@jest/core': [ '27.5.1' ],
80 silly audit   '@jest/environment': [ '27.5.1' ],
80 silly audit   '@jest/expect-utils': [ '29.7.0' ],
80 silly audit   'jest-get-type': [ '29.6.3', '27.5.1' ],
80 silly audit   '@jest/fake-timers': [ '27.5.1' ],
80 silly audit   '@jest/globals': [ '27.5.1' ],
80 silly audit   '@jest/reporters': [ '27.5.1' ],
80 silly audit   'source-map': [ '0.6.1', '0.7.4', '0.8.0-beta.0' ],
80 silly audit   '@jest/schemas': [ '28.1.3', '29.6.3' ],
80 silly audit   '@jest/source-map': [ '27.5.1' ],
80 silly audit   '@jest/test-result': [ '27.5.1', '28.1.3' ],
80 silly audit   '@jest/test-sequencer': [ '27.5.1' ],
80 silly audit   '@jest/transform': [ '27.5.1' ],
80 silly audit   'convert-source-map': [ '1.9.0', '2.0.0' ],
80 silly audit   '@jest/types': [ '27.5.1', '29.6.3', '28.1.3' ],
80 silly audit   '@jridgewell/gen-mapping': [ '0.3.5' ],
80 silly audit   '@jridgewell/resolve-uri': [ '3.1.2' ],
80 silly audit   '@jridgewell/set-array': [ '1.2.1' ],
80 silly audit   '@jridgewell/source-map': [ '0.3.6' ],
80 silly audit   '@jridgewell/sourcemap-codec': [ '1.4.15' ],
80 silly audit   '@jridgewell/trace-mapping': [ '0.3.25' ],
80 silly audit   '@leichtgewicht/ip-codec': [ '2.0.5' ],
80 silly audit   '@nicolo-ribaudo/eslint-scope-5-internals': [ '5.1.1-v1' ],
80 silly audit   'eslint-scope': [ '5.1.1', '7.2.2' ],
80 silly audit   estraverse: [ '4.3.0', '5.3.0' ],
80 silly audit   '@nodelib/fs.scandir': [ '2.1.5' ],
80 silly audit   '@nodelib/fs.stat': [ '2.0.5' ],
80 silly audit   '@nodelib/fs.walk': [ '1.2.8' ],
80 silly audit   '@pkgjs/parseargs': [ '0.11.0' ],
80 silly audit   '@pmmmwh/react-refresh-webpack-plugin': [ '0.5.11' ],
80 silly audit   '@rollup/plugin-babel': [ '5.3.1' ],
80 silly audit   '@rollup/plugin-node-resolve': [ '11.2.1' ],
80 silly audit   '@rollup/plugin-replace': [ '2.4.2' ],
80 silly audit   '@rollup/pluginutils': [ '3.1.0' ],
80 silly audit   '@types/estree': [ '0.0.39', '1.0.5' ],
80 silly audit   '@rushstack/eslint-patch': [ '1.10.1' ],
80 silly audit   '@sinclair/typebox': [ '0.24.51', '0.27.8' ],
80 silly audit   '@sinonjs/commons': [ '1.8.6' ],
80 silly audit   '@sinonjs/fake-timers': [ '8.1.0' ],
80 silly audit   '@surma/rollup-plugin-off-main-thread': [ '2.2.3' ],
80 silly audit   '@svgr/babel-plugin-add-jsx-attribute': [ '5.4.0' ],
80 silly audit   '@svgr/babel-plugin-remove-jsx-attribute': [ '5.4.0' ],
80 silly audit   '@svgr/babel-plugin-remove-jsx-empty-expression': [ '5.0.1' ],
80 silly audit   '@svgr/babel-plugin-replace-jsx-attribute-value': [ '5.0.1' ],
80 silly audit   '@svgr/babel-plugin-svg-dynamic-title': [ '5.4.0' ],
80 silly audit   '@svgr/babel-plugin-svg-em-dimensions': [ '5.4.0' ],
80 silly audit   '@svgr/babel-plugin-transform-react-native-svg': [ '5.4.0' ],
80 silly audit   '@svgr/babel-plugin-transform-svg-component': [ '5.5.0' ],
80 silly audit   '@svgr/babel-preset': [ '5.5.0' ],
80 silly audit   '@svgr/core': [ '5.5.0' ],
80 silly audit   '@svgr/hast-util-to-babel-ast': [ '5.5.0' ],
80 silly audit   '@svgr/plugin-jsx': [ '5.5.0' ],
80 silly audit   '@svgr/plugin-svgo': [ '5.5.0' ],
80 silly audit   '@svgr/webpack': [ '5.5.0' ],
80 silly audit   '@testing-library/dom': [ '9.3.4', '8.20.1' ],
80 silly audit   'aria-query': [ '5.1.3', '5.3.0' ],
80 silly audit   '@testing-library/jest-dom': [ '5.17.0' ],
80 silly audit   '@testing-library/react': [ '13.4.0' ],
80 silly audit   '@testing-library/user-event': [ '13.5.0' ],
80 silly audit   '@tootallnate/once': [ '1.1.2' ],
80 silly audit   '@trysound/sax': [ '0.2.0' ],
80 silly audit   '@types/aria-query': [ '5.0.4' ],
80 silly audit   '@types/babel__core': [ '7.20.5' ],
80 silly audit   '@types/babel__generator': [ '7.6.8' ],
80 silly audit   '@types/babel__template': [ '7.4.4' ],
80 silly audit   '@types/babel__traverse': [ '7.20.5' ],
80 silly audit   '@types/body-parser': [ '1.19.5' ],
80 silly audit   '@types/bonjour': [ '3.5.13' ],
80 silly audit   '@types/connect': [ '3.4.38' ],
80 silly audit   '@types/connect-history-api-fallback': [ '1.5.4' ],
80 silly audit   '@types/eslint': [ '8.56.6' ],
80 silly audit   '@types/eslint-scope': [ '3.7.7' ],
80 silly audit   '@types/express': [ '4.17.21' ],
80 silly audit   '@types/express-serve-static-core': [ '4.17.43' ],
80 silly audit   '@types/graceful-fs': [ '4.1.9' ],
80 silly audit   '@types/html-minifier-terser': [ '6.1.0' ],
80 silly audit   '@types/http-errors': [ '2.0.4' ],
80 silly audit   '@types/http-proxy': [ '1.17.14' ],
80 silly audit   '@types/istanbul-lib-coverage': [ '2.0.6' ],
80 silly audit   '@types/istanbul-lib-report': [ '3.0.3' ],
80 silly audit   '@types/istanbul-reports': [ '3.0.4' ],
80 silly audit   '@types/jest': [ '29.5.12' ],
80 silly audit   '@types/yargs': [ '17.0.32', '16.0.9' ],
80 silly audit   'diff-sequences': [ '29.6.3', '27.5.1' ],
80 silly audit   expect: [ '29.7.0', '27.5.1' ],
80 silly audit   'jest-diff': [ '29.7.0', '27.5.1' ],
80 silly audit   'jest-matcher-utils': [ '29.7.0', '27.5.1' ],
80 silly audit   'jest-message-util': [ '29.7.0', '27.5.1', '28.1.3' ],
80 silly audit   'jest-util': [ '29.7.0', '27.5.1', '28.1.3' ],
80 silly audit   'pretty-format': [ '29.7.0', '28.1.3', '27.5.1' ],
80 silly audit   'react-is': [ '18.2.0', '16.13.1', '17.0.2' ],
80 silly audit   '@types/json-schema': [ '7.0.15' ],
80 silly audit   '@types/json5': [ '0.0.29' ],
80 silly audit   '@types/mime': [ '1.3.5' ],
80 silly audit   '@types/node': [ '20.12.2' ],
80 silly audit   '@types/node-forge': [ '1.3.11' ],
80 silly audit   '@types/parse-json': [ '4.0.2' ],
80 silly audit   '@types/prettier': [ '2.7.3' ],
80 silly audit   '@types/prop-types': [ '15.7.12' ],
80 silly audit   '@types/q': [ '1.5.8' ],
80 silly audit   '@types/qs': [ '6.9.14' ],
80 silly audit   '@types/range-parser': [ '1.2.7' ],
80 silly audit   '@types/react': [ '18.2.73' ],
80 silly audit   '@types/react-dom': [ '18.2.23' ],
80 silly audit   '@types/resolve': [ '1.17.1' ],
80 silly audit   '@types/retry': [ '0.12.0' ],
80 silly audit   '@types/semver': [ '7.5.8' ],
80 silly audit   '@types/send': [ '0.17.4' ],
80 silly audit   '@types/serve-index': [ '1.9.4' ],
80 silly audit   '@types/serve-static': [ '1.15.5' ],
80 silly audit   '@types/sockjs': [ '0.3.36' ],
80 silly audit   '@types/stack-utils': [ '2.0.3' ],
80 silly audit   '@types/testing-library__jest-dom': [ '5.14.9' ],
80 silly audit   '@types/trusted-types': [ '2.0.7' ],
80 silly audit   '@types/ws': [ '8.5.10' ],
80 silly audit   '@types/yargs-parser': [ '21.0.3' ],
80 silly audit   '@typescript-eslint/eslint-plugin': [ '5.62.0' ],
80 silly audit   '@typescript-eslint/experimental-utils': [ '5.62.0' ],
80 silly audit   '@typescript-eslint/parser': [ '5.62.0' ],
80 silly audit   '@typescript-eslint/scope-manager': [ '5.62.0' ],
80 silly audit   '@typescript-eslint/type-utils': [ '5.62.0' ],
80 silly audit   '@typescript-eslint/types': [ '5.62.0' ],
80 silly audit   '@typescript-eslint/typescript-estree': [ '5.62.0' ],
80 silly audit   '@typescript-eslint/utils': [ '5.62.0' ],
80 silly audit   '@typescript-eslint/visitor-keys': [ '5.62.0' ],
80 silly audit   '@ungap/structured-clone': [ '1.2.0' ],
80 silly audit   '@webassemblyjs/ast': [ '1.12.1' ],
80 silly audit   '@webassemblyjs/floating-point-hex-parser': [ '1.11.6' ],
80 silly audit   '@webassemblyjs/helper-api-error': [ '1.11.6' ],
80 silly audit   '@webassemblyjs/helper-buffer': [ '1.12.1' ],
80 silly audit   '@webassemblyjs/helper-numbers': [ '1.11.6' ],
80 silly audit   '@webassemblyjs/helper-wasm-bytecode': [ '1.11.6' ],
80 silly audit   '@webassemblyjs/helper-wasm-section': [ '1.12.1' ],
80 silly audit   '@webassemblyjs/ieee754': [ '1.11.6' ],
80 silly audit   '@webassemblyjs/leb128': [ '1.11.6' ],
80 silly audit   '@webassemblyjs/utf8': [ '1.11.6' ],
80 silly audit   '@webassemblyjs/wasm-edit': [ '1.12.1' ],
80 silly audit   '@webassemblyjs/wasm-gen': [ '1.12.1' ],
80 silly audit   '@webassemblyjs/wasm-opt': [ '1.12.1' ],
80 silly audit   '@webassemblyjs/wasm-parser': [ '1.12.1' ],
80 silly audit   '@webassemblyjs/wast-printer': [ '1.12.1' ],
80 silly audit   '@xtuc/ieee754': [ '1.2.0' ],
80 silly audit   '@xtuc/long': [ '4.2.2' ],
80 silly audit   abab: [ '2.0.6' ],
80 silly audit   accepts: [ '1.3.8' ],
80 silly audit   acorn: [ '8.11.3', '7.4.1' ],
80 silly audit   'acorn-globals': [ '6.0.0' ],
80 silly audit   'acorn-import-assertions': [ '1.9.0' ],
80 silly audit   'acorn-jsx': [ '5.3.2' ],
80 silly audit   'acorn-walk': [ '7.2.0' ],
80 silly audit   address: [ '1.2.2' ],
80 silly audit   'adjust-sourcemap-loader': [ '4.0.0' ],
80 silly audit   'agent-base': [ '6.0.2' ],
80 silly audit   ajv: [ '6.12.6', '8.12.0' ],
80 silly audit   'ajv-formats': [ '2.1.1' ],
80 silly audit   'json-schema-traverse': [ '1.0.0', '0.4.1' ],
80 silly audit   'ajv-keywords': [ '3.5.2', '5.1.0' ],
80 silly audit   'ansi-escapes': [ '4.3.2' ],
80 silly audit   'ansi-html-community': [ '0.0.8' ],
80 silly audit   'any-promise': [ '1.3.0' ],
80 silly audit   anymatch: [ '3.1.3' ],
80 silly audit   arg: [ '5.0.2' ],
80 silly audit   'array-buffer-byte-length': [ '1.0.1' ],
80 silly audit   'array-flatten': [ '1.1.1' ],
80 silly audit   'array-includes': [ '3.1.8' ],
80 silly audit   'array-union': [ '2.1.0', '1.0.2' ],
80 silly audit   'array.prototype.findlast': [ '1.2.5' ],
80 silly audit   'array.prototype.findlastindex': [ '1.2.5' ],
80 silly audit   'array.prototype.flat': [ '1.3.2' ],
80 silly audit   'array.prototype.flatmap': [ '1.3.2' ],
80 silly audit   'array.prototype.reduce': [ '1.0.7' ],
80 silly audit   'array.prototype.toreversed': [ '1.1.2' ],
80 silly audit   'array.prototype.tosorted': [ '1.1.3' ],
80 silly audit   'arraybuffer.prototype.slice': [ '1.0.3' ],
80 silly audit   asap: [ '2.0.6' ],
80 silly audit   'ast-types-flow': [ '0.0.8' ],
80 silly audit   async: [ '3.2.5' ],
80 silly audit   asynckit: [ '0.4.0' ],
80 silly audit   'at-least-node': [ '1.0.0' ],
80 silly audit   autoprefixer: [ '10.4.19' ],
80 silly audit   'available-typed-arrays': [ '1.0.7' ],
80 silly audit   'axe-core': [ '4.7.0' ],
80 silly audit   'axobject-query': [ '3.2.1' ],
80 silly audit   'babel-jest': [ '27.5.1' ],
80 silly audit   'babel-loader': [ '8.3.0' ],
80 silly audit   'schema-utils': [ '2.7.1', '4.2.0', '2.7.0', '3.3.0' ],
80 silly audit   'babel-plugin-istanbul': [ '6.1.1' ],
80 silly audit   'babel-plugin-jest-hoist': [ '27.5.1' ],
80 silly audit   'babel-plugin-macros': [ '3.1.0' ],
80 silly audit   'babel-plugin-named-asset-import': [ '0.3.8' ],
80 silly audit   'babel-plugin-polyfill-corejs2': [ '0.4.10' ],
80 silly audit   'babel-plugin-polyfill-corejs3': [ '0.10.4' ],
80 silly audit   'babel-plugin-polyfill-regenerator': [ '0.6.1' ],
80 silly audit   'babel-plugin-transform-react-remove-prop-types': [ '0.4.24' ],
80 silly audit   'babel-preset-current-node-syntax': [ '1.0.1' ],
80 silly audit   'babel-preset-jest': [ '27.5.1' ],
80 silly audit   'babel-preset-react-app': [ '10.0.1' ],
80 silly audit   'balanced-match': [ '1.0.2' ],
80 silly audit   batch: [ '0.6.1' ],
80 silly audit   bfj: [ '7.1.0' ],
80 silly audit   'big.js': [ '5.2.2' ],
80 silly audit   'binary-extensions': [ '2.3.0' ],
80 silly audit   bluebird: [ '3.7.2' ],
80 silly audit   'body-parser': [ '1.20.2' ],
80 silly audit   bytes: [ '3.1.2', '3.0.0' ],
80 silly audit   debug: [ '2.6.9', '4.3.4', '3.2.7' ],
80 silly audit   'iconv-lite': [ '0.4.24', '0.6.3' ],
80 silly audit   ms: [ '2.0.0', '2.1.2', '2.1.3' ],
80 silly audit   'bonjour-service': [ '1.2.1' ],
80 silly audit   boolbase: [ '1.0.0' ],
80 silly audit   'brace-expansion': [ '1.1.11', '2.0.1' ],
80 silly audit   braces: [ '3.0.2' ],
80 silly audit   'browser-process-hrtime': [ '1.0.0' ],
80 silly audit   browserslist: [ '4.23.0' ],
80 silly audit   bser: [ '2.1.1' ],
80 silly audit   'buffer-from': [ '1.1.2' ],
80 silly audit   'builtin-modules': [ '3.3.0' ],
80 silly audit   'call-bind': [ '1.0.7' ],
80 silly audit   callsites: [ '3.1.0' ],
80 silly audit   'camel-case': [ '4.1.2' ],
80 silly audit   'camelcase-css': [ '2.0.1' ],
80 silly audit   'caniuse-api': [ '3.0.0' ],
80 silly audit   'caniuse-lite': [ '1.0.30001603' ],
80 silly audit   'case-sensitive-paths-webpack-plugin': [ '2.4.0' ],
80 silly audit   'char-regex': [ '1.0.2', '2.0.1' ],
80 silly audit   'check-types': [ '11.2.3' ],
80 silly audit   chokidar: [ '3.6.0' ],
80 silly audit   'glob-parent': [ '5.1.2', '6.0.2' ],
80 silly audit   'chrome-trace-event': [ '1.0.3' ],
80 silly audit   'ci-info': [ '3.9.0' ],
80 silly audit   'cjs-module-lexer': [ '1.2.3' ],
80 silly audit   'clean-css': [ '5.3.3' ],
80 silly audit   cliui: [ '7.0.4' ],
80 silly audit   co: [ '4.6.0' ],
80 silly audit   coa: [ '2.0.2' ],
80 silly audit   'collect-v8-coverage': [ '1.0.2' ],
80 silly audit   colord: [ '2.9.3' ],
80 silly audit   colorette: [ '2.0.20' ],
80 silly audit   'combined-stream': [ '1.0.8' ],
80 silly audit   commander: [ '8.3.0', '7.2.0', '4.1.1', '2.20.3', '11.1.0' ],
80 silly audit   'common-path-prefix': [ '3.0.0' ],
80 silly audit   'common-tags': [ '1.8.2' ],
80 silly audit   commondir: [ '1.0.1' ],
80 silly audit   compressible: [ '2.0.18' ],
80 silly audit   compression: [ '1.7.4' ],
80 silly audit   'safe-buffer': [ '5.1.2', '5.2.1' ],
80 silly audit   'concat-map': [ '0.0.1' ],
80 silly audit   'confusing-browser-globals': [ '1.0.11' ],
80 silly audit   'connect-history-api-fallback': [ '2.0.0' ],
80 silly audit   'content-disposition': [ '0.5.4' ],
80 silly audit   'content-type': [ '1.0.5' ],
80 silly audit   cookie: [ '0.6.0' ],
80 silly audit   'cookie-signature': [ '1.0.6' ],
80 silly audit   'core-js': [ '3.36.1' ],
80 silly audit   'core-js-compat': [ '3.36.1' ],
80 silly audit   'core-js-pure': [ '3.36.1' ],
80 silly audit   'core-util-is': [ '1.0.3' ],
80 silly audit   cosmiconfig: [ '7.1.0', '6.0.0' ],
80 silly audit   'cross-spawn': [ '7.0.3' ],
80 silly audit   'crypto-random-string': [ '2.0.0' ],
80 silly audit   'css-blank-pseudo': [ '3.0.3' ],
80 silly audit   'css-declaration-sorter': [ '6.4.1' ],
80 silly audit   'css-has-pseudo': [ '3.0.4' ],
80 silly audit   'css-loader': [ '6.10.0' ],
80 silly audit   'css-minimizer-webpack-plugin': [ '3.4.1' ],
80 silly audit   'css-prefers-color-scheme': [ '6.0.3' ],
80 silly audit   'css-select': [ '4.3.0', '2.1.0' ],
80 silly audit   'css-select-base-adapter': [ '0.1.1' ],
80 silly audit   'css-tree': [ '1.0.0-alpha.37', '1.1.3' ],
80 silly audit   'css-what': [ '6.1.0', '3.4.2' ],
80 silly audit   'css.escape': [ '1.5.1' ],
80 silly audit   cssdb: [ '7.11.2' ],
80 silly audit   cssesc: [ '3.0.0' ],
80 silly audit   cssnano: [ '5.1.15' ],
80 silly audit   'cssnano-preset-default': [ '5.2.14' ],
80 silly audit   'cssnano-utils': [ '3.1.0' ],
80 silly audit   csso: [ '4.2.0' ],
80 silly audit   'mdn-data': [ '2.0.14', '2.0.4' ],
80 silly audit   cssom: [ '0.4.4', '0.3.8' ],
80 silly audit   cssstyle: [ '2.3.0' ],
80 silly audit   csstype: [ '3.1.3' ],
80 silly audit   'damerau-levenshtein': [ '1.0.8' ],
80 silly audit   'data-urls': [ '2.0.0' ],
80 silly audit   'data-view-buffer': [ '1.0.1' ],
80 silly audit   'data-view-byte-length': [ '1.0.1' ],
80 silly audit   'data-view-byte-offset': [ '1.0.0' ],
80 silly audit   'decimal.js': [ '10.4.3' ],
80 silly audit   dedent: [ '0.7.0' ],
80 silly audit   'deep-equal': [ '2.2.3' ],
80 silly audit   'deep-is': [ '0.1.4' ],
80 silly audit   deepmerge: [ '4.3.1' ],
80 silly audit   'default-gateway': [ '6.0.3' ],
80 silly audit   'define-data-property': [ '1.1.4' ],
80 silly audit   'define-lazy-prop': [ '2.0.0' ],
80 silly audit   'define-properties': [ '1.2.1' ],
80 silly audit   'delayed-stream': [ '1.0.0' ],
80 silly audit   depd: [ '2.0.0', '1.1.2' ],
80 silly audit   dequal: [ '2.0.3' ],
80 silly audit   destroy: [ '1.2.0' ],
80 silly audit   'detect-newline': [ '3.1.0' ],
80 silly audit   'detect-node': [ '2.1.0' ],
80 silly audit   'detect-port-alt': [ '1.1.6' ],
80 silly audit   didyoumean: [ '1.2.2' ],
80 silly audit   'dir-glob': [ '3.0.1' ],
80 silly audit   dlv: [ '1.1.3' ],
80 silly audit   'dns-packet': [ '5.6.1' ],
80 silly audit   doctrine: [ '3.0.0', '2.1.0' ],
80 silly audit   'dom-accessibility-api': [ '0.5.16' ],
80 silly audit   'dom-converter': [ '0.2.0' ],
80 silly audit   'dom-serializer': [ '1.4.1', '0.2.2' ],
80 silly audit   domelementtype: [ '2.3.0', '1.3.1' ],
80 silly audit   domexception: [ '2.0.1' ],
80 silly audit   'webidl-conversions': [ '5.0.0', '6.1.0', '4.0.2' ],
80 silly audit   domhandler: [ '4.3.1' ],
80 silly audit   domutils: [ '2.8.0', '1.7.0' ],
80 silly audit   'dot-case': [ '3.0.4' ],
80 silly audit   dotenv: [ '10.0.0' ],
80 silly audit   'dotenv-expand': [ '5.1.0' ],
80 silly audit   duplexer: [ '0.1.2' ],
80 silly audit   eastasianwidth: [ '0.2.0' ],
80 silly audit   'ee-first': [ '1.1.1' ],
80 silly audit   ejs: [ '3.1.9' ],
80 silly audit   'electron-to-chromium': [ '1.4.722' ],
80 silly audit   emittery: [ '0.8.1', '0.10.2' ],
80 silly audit   'emoji-regex': [ '9.2.2', '8.0.0' ],
80 silly audit   'emojis-list': [ '3.0.0' ],
80 silly audit   encodeurl: [ '1.0.2' ],
80 silly audit   'enhanced-resolve': [ '5.16.0' ],
80 silly audit   entities: [ '2.2.0' ],
80 silly audit   'error-ex': [ '1.3.2' ],
80 silly audit   'error-stack-parser': [ '2.1.4' ],
80 silly audit   'es-abstract': [ '1.23.3' ],
80 silly audit   'es-array-method-boxes-properly': [ '1.0.0' ],
80 silly audit   'es-define-property': [ '1.0.0' ],
80 silly audit   'es-errors': [ '1.3.0' ],
80 silly audit   'es-get-iterator': [ '1.1.3' ],
80 silly audit   'es-iterator-helpers': [ '1.0.18' ],
80 silly audit   'es-module-lexer': [ '1.5.0' ],
80 silly audit   'es-object-atoms': [ '1.0.0' ],
80 silly audit   'es-set-tostringtag': [ '2.0.3' ],
80 silly audit   'es-shim-unscopables': [ '1.0.2' ],
80 silly audit   'es-to-primitive': [ '1.2.1' ],
80 silly audit   escalade: [ '3.1.2' ],
80 silly audit   'escape-html': [ '1.0.3' ],
80 silly audit   'escape-string-regexp': [ '1.0.5', '4.0.0', '2.0.0' ],
80 silly audit   escodegen: [ '2.1.0', '1.14.3' ],
80 silly audit   eslint: [ '8.57.0' ],
80 silly audit   'eslint-config-react-app': [ '7.0.1' ],
80 silly audit   'eslint-import-resolver-node': [ '0.3.9' ],
80 silly audit   'eslint-module-utils': [ '2.8.1' ],
80 silly audit   'eslint-plugin-flowtype': [ '8.0.3' ],
80 silly audit   'eslint-plugin-import': [ '2.29.1' ],
80 silly audit   'eslint-plugin-jest': [ '25.7.0' ],
80 silly audit   'eslint-plugin-jsx-a11y': [ '6.8.0' ],
80 silly audit   'eslint-plugin-react': [ '7.34.1' ],
80 silly audit   'eslint-plugin-react-hooks': [ '4.6.0' ],
80 silly audit   resolve: [ '2.0.0-next.5', '1.22.8' ],
80 silly audit   'eslint-plugin-testing-library': [ '5.11.1' ],
80 silly audit   'eslint-webpack-plugin': [ '3.2.0' ],
80 silly audit   'jest-worker': [ '28.1.3', '27.5.1', '26.6.2' ],
80 silly audit   espree: [ '9.6.1' ],
80 silly audit   esprima: [ '4.0.1', '1.2.2' ],
80 silly audit   esquery: [ '1.5.0' ],
80 silly audit   esrecurse: [ '4.3.0' ],
80 silly audit   'estree-walker': [ '1.0.1' ],
80 silly audit   esutils: [ '2.0.3' ],
80 silly audit   etag: [ '1.8.1' ],
80 silly audit   eventemitter3: [ '4.0.7' ],
80 silly audit   events: [ '3.3.0' ],
80 silly audit   execa: [ '5.1.1' ],
80 silly audit   exit: [ '0.1.2' ],
80 silly audit   express: [ '4.19.2' ],
80 silly audit   'fast-deep-equal': [ '3.1.3' ],
80 silly audit   'fast-glob': [ '3.3.2' ],
80 silly audit   'fast-json-stable-stringify': [ '2.1.0' ],
80 silly audit   'fast-levenshtein': [ '2.0.6' ],
80 silly audit   fastq: [ '1.17.1' ],
80 silly audit   'faye-websocket': [ '0.11.4' ],
80 silly audit   'fb-watchman': [ '2.0.2' ],
80 silly audit   'file-entry-cache': [ '6.0.1' ],
80 silly audit   'file-loader': [ '6.2.0' ],
80 silly audit   filelist: [ '1.0.4' ],
80 silly audit   minimatch: [ '5.1.6', '3.1.2', '9.0.4' ],
80 silly audit   filesize: [ '8.0.7' ],
80 silly audit   'fill-range': [ '7.0.1' ],
80 silly audit   finalhandler: [ '1.2.0' ],
80 silly audit   'find-cache-dir': [ '3.3.2' ],
80 silly audit   'flat-cache': [ '3.2.0' ],
80 silly audit   flatted: [ '3.3.1' ],
80 silly audit   'follow-redirects': [ '1.15.6' ],
80 silly audit   'for-each': [ '0.3.3' ],
80 silly audit   'foreground-child': [ '3.1.1' ],
80 silly audit   'signal-exit': [ '4.1.0', '3.0.7' ],
80 silly audit   'fork-ts-checker-webpack-plugin': [ '6.5.3' ],
80 silly audit   'fs-extra': [ '9.1.0', '10.1.0', '11.2.0' ],
80 silly audit   tapable: [ '1.1.3', '2.2.1' ],
80 silly audit   'form-data': [ '3.0.1' ],
80 silly audit   forwarded: [ '0.2.0' ],
80 silly audit   'fraction.js': [ '4.3.7' ],
80 silly audit   fresh: [ '0.5.2' ],
80 silly audit   'fs-monkey': [ '1.0.5' ],
80 silly audit   'fs.realpath': [ '1.0.0' ],
80 silly audit   fsevents: [ '2.3.3' ],
80 silly audit   'function-bind': [ '1.1.2' ],
80 silly audit   'function.prototype.name': [ '1.1.6' ],
80 silly audit   'functions-have-names': [ '1.2.3' ],
80 silly audit   gensync: [ '1.0.0-beta.2' ],
80 silly audit   'get-caller-file': [ '2.0.5' ],
80 silly audit   'get-intrinsic': [ '1.2.4' ],
80 silly audit   'get-own-enumerable-property-symbols': [ '3.0.2' ],
80 silly audit   'get-package-type': [ '0.1.0' ],
80 silly audit   'get-stream': [ '6.0.1' ],
80 silly audit   'get-symbol-description': [ '1.0.2' ],
80 silly audit   glob: [ '7.2.3', '10.3.12' ],
80 silly audit   'glob-to-regexp': [ '0.4.1' ],
80 silly audit   'global-modules': [ '2.0.0' ],
80 silly audit   'global-prefix': [ '3.0.0' ],
80 silly audit   which: [ '1.3.1', '2.0.2' ],
80 silly audit   globalthis: [ '1.0.3' ],
80 silly audit   globby: [ '11.1.0', '6.1.0' ],
80 silly audit   gopd: [ '1.0.1' ],
80 silly audit   'graceful-fs': [ '4.2.11' ],
80 silly audit   graphemer: [ '1.4.0' ],
80 silly audit   'gzip-size': [ '6.0.0' ],
80 silly audit   'handle-thing': [ '2.0.1' ],
80 silly audit   'harmony-reflect': [ '1.6.2' ],
80 silly audit   'has-bigints': [ '1.0.2' ],
80 silly audit   'has-property-descriptors': [ '1.0.2' ],
80 silly audit   'has-proto': [ '1.0.3' ],
80 silly audit   'has-symbols': [ '1.0.3' ],
80 silly audit   'has-tostringtag': [ '1.0.2' ],
80 silly audit   hasown: [ '2.0.2' ],
80 silly audit   he: [ '1.2.0' ],
80 silly audit   hoopy: [ '0.1.4' ],
80 silly audit   'hpack.js': [ '2.1.6' ],
80 silly audit   isarray: [ '1.0.0', '2.0.5' ],
80 silly audit   'readable-stream': [ '2.3.8', '3.6.2' ],
80 silly audit   string_decoder: [ '1.1.1', '1.3.0' ],
80 silly audit   'html-encoding-sniffer': [ '2.0.1' ],
80 silly audit   'html-entities': [ '2.5.2' ],
80 silly audit   'html-escaper': [ '2.0.2' ],
80 silly audit   'html-minifier-terser': [ '6.1.0' ],
80 silly audit   'html-webpack-plugin': [ '5.6.0' ],
80 silly audit   htmlparser2: [ '6.1.0' ],
80 silly audit   'http-deceiver': [ '1.2.7' ],
80 silly audit   'http-errors': [ '2.0.0', '1.6.3' ],
80 silly audit   'http-parser-js': [ '0.5.8' ],
80 silly audit   'http-proxy': [ '1.18.1' ],
80 silly audit   'http-proxy-agent': [ '4.0.1' ],
80 silly audit   'http-proxy-middleware': [ '2.0.6' ],
80 silly audit   'https-proxy-agent': [ '5.0.1' ],
80 silly audit   'human-signals': [ '2.1.0' ],
80 silly audit   'icss-utils': [ '5.1.0' ],
80 silly audit   idb: [ '7.1.1' ],
80 silly audit   'identity-obj-proxy': [ '3.0.0' ],
80 silly audit   ignore: [ '5.3.1' ],
80 silly audit   immer: [ '9.0.21' ],
80 silly audit   'import-fresh': [ '3.3.0' ],
80 silly audit   'resolve-from': [ '4.0.0', '5.0.0' ],
80 silly audit   'import-local': [ '3.1.0' ],
80 silly audit   imurmurhash: [ '0.1.4' ],
80 silly audit   'indent-string': [ '4.0.0' ],
80 silly audit   inflight: [ '1.0.6' ],
80 silly audit   inherits: [ '2.0.4', '2.0.3' ],
80 silly audit   ini: [ '1.3.8' ],
80 silly audit   'internal-slot': [ '1.0.7' ],
80 silly audit   'ipaddr.js': [ '2.1.0', '1.9.1' ],
80 silly audit   'is-arguments': [ '1.1.1' ],
80 silly audit   'is-array-buffer': [ '3.0.4' ],
80 silly audit   'is-arrayish': [ '0.2.1' ],
80 silly audit   'is-async-function': [ '2.0.0' ],
80 silly audit   'is-bigint': [ '1.0.4' ],
80 silly audit   'is-binary-path': [ '2.1.0' ],
80 silly audit   'is-boolean-object': [ '1.1.2' ],
80 silly audit   'is-callable': [ '1.2.7' ],
80 silly audit   'is-core-module': [ '2.13.1' ],
80 silly audit   'is-data-view': [ '1.0.1' ],
80 silly audit   'is-date-object': [ '1.0.5' ],
80 silly audit   'is-docker': [ '2.2.1' ],
80 silly audit   'is-extglob': [ '2.1.1' ],
80 silly audit   'is-finalizationregistry': [ '1.0.2' ],
80 silly audit   'is-fullwidth-code-point': [ '3.0.0' ],
80 silly audit   'is-generator-fn': [ '2.1.0' ],
80 silly audit   'is-generator-function': [ '1.0.10' ],
80 silly audit   'is-glob': [ '4.0.3' ],
80 silly audit   'is-map': [ '2.0.3' ],
80 silly audit   'is-module': [ '1.0.0' ],
80 silly audit   'is-negative-zero': [ '2.0.3' ],
80 silly audit   'is-number': [ '7.0.0' ],
80 silly audit   'is-number-object': [ '1.0.7' ],
80 silly audit   'is-obj': [ '1.0.1' ],
80 silly audit   'is-path-inside': [ '3.0.3' ],
80 silly audit   'is-plain-obj': [ '3.0.0' ],
80 silly audit   'is-potential-custom-element-name': [ '1.0.1' ],
80 silly audit   'is-regex': [ '1.1.4' ],
80 silly audit   'is-regexp': [ '1.0.0' ],
80 silly audit   'is-root': [ '2.1.0' ],
80 silly audit   'is-set': [ '2.0.3' ],
80 silly audit   'is-shared-array-buffer': [ '1.0.3' ],
80 silly audit   'is-stream': [ '2.0.1' ],
80 silly audit   'is-string': [ '1.0.7' ],
80 silly audit   'is-symbol': [ '1.0.4' ],
80 silly audit   'is-typed-array': [ '1.1.13' ],
80 silly audit   'is-typedarray': [ '1.0.0' ],
80 silly audit   'is-weakmap': [ '2.0.2' ],
80 silly audit   'is-weakref': [ '1.0.2' ],
80 silly audit   'is-weakset': [ '2.0.3' ],
80 silly audit   'is-wsl': [ '2.2.0' ],
80 silly audit   isexe: [ '2.0.0' ],
80 silly audit   'istanbul-lib-coverage': [ '3.2.2' ],
80 silly audit   'istanbul-lib-instrument': [ '5.2.1' ],
80 silly audit   'istanbul-lib-report': [ '3.0.1' ],
80 silly audit   'make-dir': [ '4.0.0', '3.1.0' ],
80 silly audit   'istanbul-lib-source-maps': [ '4.0.1' ],
80 silly audit   'istanbul-reports': [ '3.1.7' ],
80 silly audit   'iterator.prototype': [ '1.1.2' ],
80 silly audit   jackspeak: [ '2.3.6' ],
80 silly audit   jake: [ '10.8.7' ],
80 silly audit   jest: [ '27.5.1' ],
80 silly audit   'jest-changed-files': [ '27.5.1' ],
80 silly audit   'jest-circus': [ '27.5.1' ],
80 silly audit   'jest-cli': [ '27.5.1' ],
80 silly audit   'jest-config': [ '27.5.1' ],
80 silly audit   'jest-docblock': [ '27.5.1' ],
80 silly audit   'jest-each': [ '27.5.1' ],
80 silly audit   'jest-environment-jsdom': [ '27.5.1' ],
80 silly audit   'jest-environment-node': [ '27.5.1' ],
80 silly audit   'jest-haste-map': [ '27.5.1' ],
80 silly audit   'jest-jasmine2': [ '27.5.1' ],
80 silly audit   'jest-leak-detector': [ '27.5.1' ],
80 silly audit   'jest-mock': [ '27.5.1' ],
80 silly audit   'jest-pnp-resolver': [ '1.2.3' ],
80 silly audit   'jest-regex-util': [ '27.5.1', '28.0.2' ],
80 silly audit   'jest-resolve': [ '27.5.1' ],
80 silly audit   'jest-resolve-dependencies': [ '27.5.1' ],
80 silly audit   'jest-runner': [ '27.5.1' ],
80 silly audit   'jest-runtime': [ '27.5.1' ],
80 silly audit   'jest-serializer': [ '27.5.1' ],
80 silly audit   'jest-snapshot': [ '27.5.1' ],
80 silly audit   'jest-validate': [ '27.5.1' ],
80 silly audit   'jest-watch-typeahead': [ '1.1.0' ],
80 silly audit   slash: [ '3.0.0', '4.0.0' ],
80 silly audit   'jest-watcher': [ '28.1.3', '27.5.1' ],
80 silly audit   'string-length': [ '4.0.2', '5.0.1' ],
80 silly audit   jiti: [ '1.21.0' ],
80 silly audit   'js-tokens': [ '4.0.0' ],
80 silly audit   jsdom: [ '16.7.0' ],
80 silly audit   jsesc: [ '2.5.2', '0.5.0' ],
80 silly audit   'json-buffer': [ '3.0.1' ],
80 silly audit   'json-parse-even-better-errors': [ '2.3.1' ],
80 silly audit   'json-schema': [ '0.4.0' ],
80 silly audit   'json-stable-stringify-without-jsonify': [ '1.0.1' ],
80 silly audit   json5: [ '2.2.3', '1.0.2' ],
80 silly audit   jsonfile: [ '6.1.0' ],
80 silly audit   jsonpath: [ '1.1.1' ],
80 silly audit   jsonpointer: [ '5.0.1' ],
80 silly audit   'jsx-ast-utils': [ '3.3.5' ],
80 silly audit   keyv: [ '4.5.4' ],
80 silly audit   'kind-of': [ '6.0.3' ],
80 silly audit   kleur: [ '3.0.3' ],
80 silly audit   klona: [ '2.0.6' ],
80 silly audit   'language-subtag-registry': [ '0.3.22' ],
80 silly audit   'language-tags': [ '1.0.9' ],
80 silly audit   'launch-editor': [ '2.6.1' ],
80 silly audit   leven: [ '3.1.0' ],
80 silly audit   levn: [ '0.4.1', '0.3.0' ],
80 silly audit   lilconfig: [ '2.1.0', '3.1.1' ],
80 silly audit   'lines-and-columns': [ '1.2.4' ],
80 silly audit   'loader-runner': [ '4.3.0' ],
80 silly audit   'loader-utils': [ '2.0.4', '3.2.1' ],
80 silly audit   lodash: [ '4.17.21' ],
80 silly audit   'lodash.debounce': [ '4.0.8' ],
80 silly audit   'lodash.memoize': [ '4.1.2' ],
80 silly audit   'lodash.merge': [ '4.6.2' ],
80 silly audit   'lodash.sortby': [ '4.7.0' ],
80 silly audit   'lodash.uniq': [ '4.5.0' ],
80 silly audit   'loose-envify': [ '1.4.0' ],
80 silly audit   'lower-case': [ '2.0.2' ],
80 silly audit   'lru-cache': [ '5.1.1', '10.2.0', '6.0.0' ],
80 silly audit   'lz-string': [ '1.5.0' ],
80 silly audit   'magic-string': [ '0.25.9' ],
80 silly audit   makeerror: [ '1.0.12' ],
80 silly audit   'media-typer': [ '0.3.0' ],
80 silly audit   memfs: [ '3.5.3' ],
80 silly audit   'merge-descriptors': [ '1.0.1' ],
80 silly audit   'merge-stream': [ '2.0.0' ],
80 silly audit   merge2: [ '1.4.1' ],
80 silly audit   methods: [ '1.1.2' ],
80 silly audit   micromatch: [ '4.0.5' ],
80 silly audit   mime: [ '1.6.0' ],
80 silly audit   'mime-db': [ '1.52.0' ],
80 silly audit   'mime-types': [ '2.1.35' ],
80 silly audit   'mimic-fn': [ '2.1.0' ],
80 silly audit   'min-indent': [ '1.0.1' ],
80 silly audit   'mini-css-extract-plugin': [ '2.8.1' ],
80 silly audit   'minimalistic-assert': [ '1.0.1' ],
80 silly audit   minimist: [ '1.2.8' ],
80 silly audit   minipass: [ '7.0.4' ],
80 silly audit   mkdirp: [ '0.5.6' ],
80 silly audit   'multicast-dns': [ '7.2.5' ],
80 silly audit   mz: [ '2.7.0' ],
80 silly audit   nanoid: [ '3.3.7' ],
80 silly audit   'natural-compare': [ '1.4.0' ],
80 silly audit   'natural-compare-lite': [ '1.4.0' ],
80 silly audit   negotiator: [ '0.6.3' ],
80 silly audit   'neo-async': [ '2.6.2' ],
80 silly audit   'no-case': [ '3.0.4' ],
80 silly audit   'node-forge': [ '1.3.1' ],
80 silly audit   'node-int64': [ '0.4.0' ],
80 silly audit   'node-releases': [ '2.0.14' ],
80 silly audit   'normalize-path': [ '3.0.0' ],
80 silly audit   'normalize-range': [ '0.1.2' ],
80 silly audit   'normalize-url': [ '6.1.0' ],
80 silly audit   'npm-run-path': [ '4.0.1' ],
80 silly audit   'nth-check': [ '2.1.1', '1.0.2' ],
80 silly audit   nwsapi: [ '2.2.7' ],
80 silly audit   'object-assign': [ '4.1.1' ],
80 silly audit   'object-hash': [ '3.0.0' ],
80 silly audit   'object-inspect': [ '1.13.1' ],
80 silly audit   'object-is': [ '1.1.6' ],
80 silly audit   'object-keys': [ '1.1.1' ],
80 silly audit   'object.assign': [ '4.1.5' ],
80 silly audit   'object.entries': [ '1.1.8' ],
80 silly audit   'object.fromentries': [ '2.0.8' ],
80 silly audit   'object.getownpropertydescriptors': [ '2.1.8' ],
80 silly audit   'object.groupby': [ '1.0.3' ],
80 silly audit   'object.hasown': [ '1.1.4' ],
80 silly audit   'object.values': [ '1.2.0' ],
80 silly audit   obuf: [ '1.1.2' ],
80 silly audit   'on-finished': [ '2.4.1' ],
80 silly audit   'on-headers': [ '1.0.2' ],
80 silly audit   once: [ '1.4.0' ],
80 silly audit   onetime: [ '5.1.2' ],
80 silly audit   open: [ '8.4.2' ],
80 silly audit   optionator: [ '0.9.3', '0.8.3' ],
80 silly audit   'p-retry': [ '4.6.2' ],
80 silly audit   'p-try': [ '2.2.0' ],
80 silly audit   'param-case': [ '3.0.4' ],
80 silly audit   'parent-module': [ '1.0.1' ],
80 silly audit   'parse-json': [ '5.2.0' ],
80 silly audit   parse5: [ '6.0.1' ],
80 silly audit   parseurl: [ '1.3.3' ],
80 silly audit   'pascal-case': [ '3.1.2' ],
80 silly audit   'path-exists': [ '4.0.0', '3.0.0' ],
80 silly audit   'path-is-absolute': [ '1.0.1' ],
80 silly audit   'path-key': [ '3.1.1' ],
80 silly audit   'path-parse': [ '1.0.7' ],
80 silly audit   'path-scurry': [ '1.10.2' ],
80 silly audit   'path-to-regexp': [ '0.1.7' ],
80 silly audit   'path-type': [ '4.0.0' ],
80 silly audit   'performance-now': [ '2.1.0' ],
80 silly audit   picocolors: [ '1.0.0', '0.2.1' ],
80 silly audit   picomatch: [ '2.3.1' ],
80 silly audit   pify: [ '2.3.0' ],
80 silly audit   pirates: [ '4.0.6' ],
80 silly audit   'pkg-dir': [ '4.2.0' ],
80 silly audit   'pkg-up': [ '3.1.0' ],
80 silly audit   'possible-typed-array-names': [ '1.0.0' ],
80 silly audit   postcss: [ '8.4.38', '7.0.39' ],
80 silly audit   'postcss-attribute-case-insensitive': [ '5.0.2' ],
80 silly audit   'postcss-browser-comments': [ '4.0.0' ],
80 silly audit   'postcss-calc': [ '8.2.4' ],
80 silly audit   'postcss-clamp': [ '4.1.0' ],
80 silly audit   'postcss-color-functional-notation': [ '4.2.4' ],
80 silly audit   'postcss-color-hex-alpha': [ '8.0.4' ],
80 silly audit   'postcss-color-rebeccapurple': [ '7.1.1' ],
80 silly audit   'postcss-colormin': [ '5.3.1' ],
80 silly audit   'postcss-convert-values': [ '5.1.3' ],
80 silly audit   'postcss-custom-media': [ '8.0.2' ],
80 silly audit   'postcss-custom-properties': [ '12.1.11' ],
80 silly audit   'postcss-custom-selectors': [ '6.0.3' ],
80 silly audit   'postcss-dir-pseudo-class': [ '6.0.5' ],
80 silly audit   'postcss-discard-comments': [ '5.1.2' ],
80 silly audit   'postcss-discard-duplicates': [ '5.1.0' ],
80 silly audit   'postcss-discard-empty': [ '5.1.1' ],
80 silly audit   'postcss-discard-overridden': [ '5.1.0' ],
80 silly audit   'postcss-double-position-gradients': [ '3.1.2' ],
80 silly audit   'postcss-env-function': [ '4.0.6' ],
80 silly audit   'postcss-flexbugs-fixes': [ '5.0.2' ],
80 silly audit   'postcss-focus-visible': [ '6.0.4' ],
80 silly audit   'postcss-focus-within': [ '5.0.4' ],
80 silly audit   'postcss-font-variant': [ '5.0.0' ],
80 silly audit   'postcss-gap-properties': [ '3.0.5' ],
80 silly audit   'postcss-image-set-function': [ '4.0.7' ],
80 silly audit   'postcss-import': [ '15.1.0' ],
80 silly audit   'postcss-initial': [ '4.0.1' ],
80 silly audit   'postcss-js': [ '4.0.1' ],
80 silly audit   'postcss-lab-function': [ '4.2.1' ],
80 silly audit   'postcss-load-config': [ '4.0.2' ],
80 silly audit   yaml: [ '2.4.1', '1.10.2' ],
80 silly audit   'postcss-loader': [ '6.2.1' ],
80 silly audit   'postcss-logical': [ '5.0.4' ],
80 silly audit   'postcss-media-minmax': [ '5.0.0' ],
80 silly audit   'postcss-merge-longhand': [ '5.1.7' ],
80 silly audit   'postcss-merge-rules': [ '5.1.4' ],
80 silly audit   'postcss-minify-font-values': [ '5.1.0' ],
80 silly audit   'postcss-minify-gradients': [ '5.1.1' ],
80 silly audit   'postcss-minify-params': [ '5.1.4' ],
80 silly audit   'postcss-minify-selectors': [ '5.2.1' ],
80 silly audit   'postcss-modules-extract-imports': [ '3.0.0' ],
80 silly audit   'postcss-modules-local-by-default': [ '4.0.4' ],
80 silly audit   'postcss-modules-scope': [ '3.1.1' ],
80 silly audit   'postcss-modules-values': [ '4.0.0' ],
80 silly audit   'postcss-nested': [ '6.0.1' ],
80 silly audit   'postcss-nesting': [ '10.2.0' ],
80 silly audit   'postcss-normalize': [ '10.0.1' ],
80 silly audit   'postcss-normalize-charset': [ '5.1.0' ],
80 silly audit   'postcss-normalize-display-values': [ '5.1.0' ],
80 silly audit   'postcss-normalize-positions': [ '5.1.1' ],
80 silly audit   'postcss-normalize-repeat-style': [ '5.1.1' ],
80 silly audit   'postcss-normalize-string': [ '5.1.0' ],
80 silly audit   'postcss-normalize-timing-functions': [ '5.1.0' ],
80 silly audit   'postcss-normalize-unicode': [ '5.1.1' ],
80 silly audit   'postcss-normalize-url': [ '5.1.0' ],
80 silly audit   'postcss-normalize-whitespace': [ '5.1.1' ],
80 silly audit   'postcss-opacity-percentage': [ '1.1.3' ],
80 silly audit   'postcss-ordered-values': [ '5.1.3' ],
80 silly audit   'postcss-overflow-shorthand': [ '3.0.4' ],
80 silly audit   'postcss-page-break': [ '3.0.4' ],
80 silly audit   'postcss-place': [ '7.0.5' ],
80 silly audit   'postcss-preset-env': [ '7.8.3' ],
80 silly audit   'postcss-pseudo-class-any-link': [ '7.1.6' ],
80 silly audit   'postcss-reduce-initial': [ '5.1.2' ],
80 silly audit   'postcss-reduce-transforms': [ '5.1.0' ],
80 silly audit   'postcss-replace-overflow-wrap': [ '4.0.0' ],
80 silly audit   'postcss-selector-not': [ '6.0.1' ],
80 silly audit   'postcss-selector-parser': [ '6.0.16' ],
80 silly audit   'postcss-svgo': [ '5.1.0' ],
80 silly audit   svgo: [ '2.8.0', '1.3.2' ],
80 silly audit   'postcss-unique-selectors': [ '5.1.1' ],
80 silly audit   'postcss-value-parser': [ '4.2.0' ],
80 silly audit   'prelude-ls': [ '1.2.1', '1.1.2' ],
80 silly audit   'pretty-bytes': [ '5.6.0' ],
80 silly audit   'pretty-error': [ '4.0.0' ],
80 silly audit   'process-nextick-args': [ '2.0.1' ],
80 silly audit   promise: [ '8.3.0' ],
80 silly audit   prompts: [ '2.4.2' ],
80 silly audit   'prop-types': [ '15.8.1' ],
80 silly audit   'proxy-addr': [ '2.0.7' ],
80 silly audit   psl: [ '1.9.0' ],
80 silly audit   punycode: [ '2.3.1' ],
80 silly audit   q: [ '1.5.1' ],
80 silly audit   qs: [ '6.11.0' ],
80 silly audit   querystringify: [ '2.2.0' ],
80 silly audit   'queue-microtask': [ '1.2.3' ],
80 silly audit   raf: [ '3.4.1' ],
80 silly audit   randombytes: [ '2.1.0' ],
80 silly audit   'range-parser': [ '1.2.1' ],
80 silly audit   'raw-body': [ '2.5.2' ],
80 silly audit   react: [ '18.2.0' ],
80 silly audit   'react-app-polyfill': [ '3.0.0' ],
80 silly audit   'regenerator-runtime': [ '0.13.11', '0.14.1' ],
80 silly audit   'react-dev-utils': [ '12.0.1' ],
80 silly audit   'react-dom': [ '18.2.0' ],
80 silly audit   'react-error-overlay': [ '6.0.11' ],
80 silly audit   'react-refresh': [ '0.11.0' ],
80 silly audit   'react-scripts': [ '5.0.1' ],
80 silly audit   'read-cache': [ '1.0.0' ],
80 silly audit   readdirp: [ '3.6.0' ],
80 silly audit   'recursive-readdir': [ '2.2.3' ],
80 silly audit   redent: [ '3.0.0' ],
80 silly audit   'reflect.getprototypeof': [ '1.0.6' ],
80 silly audit   regenerate: [ '1.4.2' ],
80 silly audit   'regenerate-unicode-properties': [ '10.1.1' ],
80 silly audit   'regenerator-transform': [ '0.15.2' ],
80 silly audit   'regex-parser': [ '2.3.0' ],
80 silly audit   'regexp.prototype.flags': [ '1.5.2' ],
80 silly audit   'regexpu-core': [ '5.3.2' ],
80 silly audit   regjsparser: [ '0.9.1' ],
80 silly audit   relateurl: [ '0.2.7' ],
80 silly audit   renderkid: [ '3.0.0' ],
80 silly audit   'require-directory': [ '2.1.1' ],
80 silly audit   'require-from-string': [ '2.0.2' ],
80 silly audit   'requires-port': [ '1.0.0' ],
80 silly audit   'resolve-cwd': [ '3.0.0' ],
80 silly audit   'resolve-url-loader': [ '4.0.0' ],
80 silly audit   'resolve.exports': [ '1.1.1' ],
80 silly audit   retry: [ '0.13.1' ],
80 silly audit   reusify: [ '1.0.4' ],
80 silly audit   rimraf: [ '3.0.2' ],
80 silly audit   rollup: [ '2.79.1' ],
80 silly audit   'rollup-plugin-terser': [ '7.0.2' ],
80 silly audit   'serialize-javascript': [ '4.0.0', '6.0.2' ],
80 silly audit   'run-parallel': [ '1.2.0' ],
80 silly audit   'safe-array-concat': [ '1.1.2' ],
80 silly audit   'safe-regex-test': [ '1.0.3' ],
80 silly audit   'safer-buffer': [ '2.1.2' ],
80 silly audit   'sanitize.css': [ '13.0.0' ],
80 silly audit   'sass-loader': [ '12.6.0' ],
80 silly audit   sax: [ '1.2.4' ],
80 silly audit   saxes: [ '5.0.1' ],
80 silly audit   scheduler: [ '0.23.0' ],
80 silly audit   'select-hose': [ '2.0.0' ],
80 silly audit   selfsigned: [ '2.4.1' ],
80 silly audit   yallist: [ '4.0.0', '3.1.1' ],
80 silly audit   send: [ '0.18.0' ],
80 silly audit   'serve-index': [ '1.9.1' ],
80 silly audit   setprototypeof: [ '1.1.0', '1.2.0' ],
80 silly audit   statuses: [ '1.5.0', '2.0.1' ],
80 silly audit   'serve-static': [ '1.15.0' ],
80 silly audit   'set-function-length': [ '1.2.2' ],
80 silly audit   'set-function-name': [ '2.0.2' ],
80 silly audit   'shebang-command': [ '2.0.0' ],
80 silly audit   'shebang-regex': [ '3.0.0' ],
80 silly audit   'shell-quote': [ '1.8.1' ],
80 silly audit   'side-channel': [ '1.0.6' ],
80 silly audit   sisteransi: [ '1.0.5' ],
80 silly audit   sockjs: [ '0.3.24' ],
80 silly audit   'source-list-map': [ '2.0.1' ],
80 silly audit   'source-map-js': [ '1.2.0' ],
80 silly audit   'source-map-loader': [ '3.0.2' ],
80 silly audit   'source-map-support': [ '0.5.21' ],
80 silly audit   'sourcemap-codec': [ '1.4.8' ],
80 silly audit   spdy: [ '4.0.2' ],
80 silly audit   'spdy-transport': [ '3.0.0' ],
80 silly audit   'sprintf-js': [ '1.0.3' ],
80 silly audit   stable: [ '0.1.8' ],
80 silly audit   'stack-utils': [ '2.0.6' ],
80 silly audit   stackframe: [ '1.3.4' ],
80 silly audit   'static-eval': [ '2.0.2' ],
80 silly audit   'type-check': [ '0.3.2', '0.4.0' ],
80 silly audit   'stop-iteration-iterator': [ '1.0.0' ],
80 silly audit   'string-natural-compare': [ '3.0.1' ],
80 silly audit   'string.prototype.matchall': [ '4.0.11' ],
80 silly audit   'string.prototype.trim': [ '1.2.9' ],
80 silly audit   'string.prototype.trimend': [ '1.0.8' ],
80 silly audit   'string.prototype.trimstart': [ '1.0.8' ],
80 silly audit   'stringify-object': [ '3.3.0' ],
80 silly audit   'strip-bom': [ '4.0.0', '3.0.0' ],
80 silly audit   'strip-comments': [ '2.0.1' ],
80 silly audit   'strip-final-newline': [ '2.0.0' ],
80 silly audit   'strip-indent': [ '3.0.0' ],
80 silly audit   'strip-json-comments': [ '3.1.1' ],
80 silly audit   'style-loader': [ '3.3.4' ],
80 silly audit   stylehacks: [ '5.1.1' ],
80 silly audit   sucrase: [ '3.35.0' ],
80 silly audit   'supports-hyperlinks': [ '2.3.0' ],
80 silly audit   'supports-preserve-symlinks-flag': [ '1.0.0' ],
80 silly audit   'svg-parser': [ '2.0.4' ],
80 silly audit   'symbol-tree': [ '3.2.4' ],
80 silly audit   tailwindcss: [ '3.4.3' ],
80 silly audit   'temp-dir': [ '2.0.0' ],
80 silly audit   tempy: [ '0.6.0' ],
80 silly audit   'terminal-link': [ '2.1.1' ],
80 silly audit   terser: [ '5.30.0' ],
80 silly audit   'terser-webpack-plugin': [ '5.3.10' ],
80 silly audit   'test-exclude': [ '6.0.0' ],
80 silly audit   'text-table': [ '0.2.0' ],
80 silly audit   thenify: [ '3.3.1' ],
80 silly audit   'thenify-all': [ '1.6.0' ],
80 silly audit   throat: [ '6.0.2' ],
80 silly audit   thunky: [ '1.1.0' ],
80 silly audit   tmpl: [ '1.0.5' ],
80 silly audit   'to-fast-properties': [ '2.0.0' ],
80 silly audit   'to-regex-range': [ '5.0.1' ],
80 silly audit   toidentifier: [ '1.0.1' ],
80 silly audit   'tough-cookie': [ '4.1.3' ],
80 silly audit   universalify: [ '0.2.0', '2.0.1' ],
80 silly audit   tr46: [ '2.1.0', '1.0.1' ],
80 silly audit   tryer: [ '1.0.1' ],
80 silly audit   'ts-interface-checker': [ '0.1.13' ],
80 silly audit   'tsconfig-paths': [ '3.15.0' ],
80 silly audit   tslib: [ '2.6.2', '1.14.1' ],
80 silly audit   tsutils: [ '3.21.0' ],
80 silly audit   'type-detect': [ '4.0.8' ],
80 silly audit   'type-is': [ '1.6.18' ],
80 silly audit   'typed-array-buffer': [ '1.0.2' ],
80 silly audit   'typed-array-byte-length': [ '1.0.1' ],
80 silly audit   'typed-array-byte-offset': [ '1.0.2' ],
80 silly audit   'typed-array-length': [ '1.0.6' ],
80 silly audit   'typedarray-to-buffer': [ '3.1.5' ],
80 silly audit   typescript: [ '4.9.5' ],
80 silly audit   'unbox-primitive': [ '1.0.2' ],
80 silly audit   underscore: [ '1.12.1' ],
80 silly audit   'undici-types': [ '5.26.5' ],
80 silly audit   'unicode-canonical-property-names-ecmascript': [ '2.0.0' ],
80 silly audit   'unicode-match-property-ecmascript': [ '2.0.0' ],
80 silly audit   'unicode-match-property-value-ecmascript': [ '2.1.0' ],
80 silly audit   'unicode-property-aliases-ecmascript': [ '2.1.0' ],
80 silly audit   'unique-string': [ '2.0.0' ],
80 silly audit   unpipe: [ '1.0.0' ],
80 silly audit   unquote: [ '1.1.1' ],
80 silly audit   upath: [ '1.2.0' ],
80 silly audit   'update-browserslist-db': [ '1.0.13' ],
80 silly audit   'uri-js': [ '4.4.1' ],
80 silly audit   'url-parse': [ '1.5.10' ],
80 silly audit   'util-deprecate': [ '1.0.2' ],
80 silly audit   'util.promisify': [ '1.0.1' ],
80 silly audit   utila: [ '0.4.0' ],
80 silly audit   'utils-merge': [ '1.0.1' ],
80 silly audit   uuid: [ '8.3.2' ],
80 silly audit   'v8-to-istanbul': [ '8.1.1' ],
80 silly audit   vary: [ '1.1.2' ],
80 silly audit   'w3c-hr-time': [ '1.0.2' ],
80 silly audit   'w3c-xmlserializer': [ '2.0.0' ],
80 silly audit   walker: [ '1.0.8' ],
80 silly audit   watchpack: [ '2.4.1' ],
80 silly audit   wbuf: [ '1.7.3' ],
80 silly audit   'web-vitals': [ '2.1.4' ],
80 silly audit   webpack: [ '5.91.0' ],
80 silly audit   'webpack-dev-middleware': [ '5.3.4' ],
80 silly audit   'webpack-dev-server': [ '4.15.2' ],
80 silly audit   ws: [ '8.16.0', '7.5.9' ],
80 silly audit   'webpack-manifest-plugin': [ '4.1.1' ],
80 silly audit   'webpack-sources': [ '2.3.1', '3.2.3', '1.4.3' ],
80 silly audit   'websocket-driver': [ '0.7.4' ],
80 silly audit   'websocket-extensions': [ '0.1.4' ],
80 silly audit   'whatwg-encoding': [ '1.0.5' ],
80 silly audit   'whatwg-fetch': [ '3.6.20' ],
80 silly audit   'whatwg-mimetype': [ '2.3.0' ],
80 silly audit   'whatwg-url': [ '8.7.0', '7.1.0' ],
80 silly audit   'which-boxed-primitive': [ '1.0.2' ],
80 silly audit   'which-builtin-type': [ '1.1.3' ],
80 silly audit   'which-collection': [ '1.0.2' ],
80 silly audit   'which-typed-array': [ '1.1.15' ],
80 silly audit   'word-wrap': [ '1.2.5' ],
80 silly audit   'workbox-background-sync': [ '6.6.0' ],
80 silly audit   'workbox-broadcast-update': [ '6.6.0' ],
80 silly audit   'workbox-build': [ '6.6.0' ],
80 silly audit   '@apideck/better-ajv-errors': [ '0.3.6' ],
80 silly audit   'workbox-cacheable-response': [ '6.6.0' ],
80 silly audit   'workbox-core': [ '6.6.0' ],
80 silly audit   'workbox-expiration': [ '6.6.0' ],
80 silly audit   'workbox-google-analytics': [ '6.6.0' ],
80 silly audit   'workbox-navigation-preload': [ '6.6.0' ],
80 silly audit   'workbox-precaching': [ '6.6.0' ],
80 silly audit   'workbox-range-requests': [ '6.6.0' ],
80 silly audit   'workbox-recipes': [ '6.6.0' ],
80 silly audit   'workbox-routing': [ '6.6.0' ],
80 silly audit   'workbox-strategies': [ '6.6.0' ],
80 silly audit   'workbox-streams': [ '6.6.0' ],
80 silly audit   'workbox-sw': [ '6.6.0' ],
80 silly audit   'workbox-webpack-plugin': [ '6.6.0' ],
80 silly audit   'workbox-window': [ '6.6.0' ],
80 silly audit   wrappy: [ '1.0.2' ],
80 silly audit   'write-file-atomic': [ '3.0.3' ],
80 silly audit   'xml-name-validator': [ '3.0.0' ],
80 silly audit   xmlchars: [ '2.2.0' ],
80 silly audit   y18n: [ '5.0.8' ],
80 silly audit   yargs: [ '16.2.0' ],
80 silly audit   'yargs-parser': [ '20.2.9' ],
80 silly audit   'yocto-queue': [ '0.1.0' ],
80 silly audit   'gh-pages': [ '6.1.1' ],
80 silly audit   'email-addresses': [ '5.0.0' ],
80 silly audit   filenamify: [ '4.3.0' ],
80 silly audit   'filename-reserved-regex': [ '2.0.0' ],
80 silly audit   'strip-outer': [ '1.0.1' ],
80 silly audit   'trim-repeated': [ '1.0.0' ],
80 silly audit   'pinkie-promise': [ '2.0.1' ],
80 silly audit   pinkie: [ '2.0.4' ],
80 silly audit   'array-uniq': [ '1.0.3' ]
80 silly audit }
81 verbose reify failed optional dependency C:\Users\mikem\Desktop\Evangadi\Phase-3\Week-5\Apple-Class Component-and-Props\react-apple-props\node_modules\fsevents
82 silly reify mark deleted [
82 silly reify   'C:\\Users\\mikem\\Desktop\\Evangadi\\Phase-3\\Week-5\\Apple-Class Component-and-Props\\react-apple-props\\node_modules\\fsevents'
82 silly reify ]
83 silly tarball no local data for pinkie-promise@https://registry.npmjs.org/pinkie-promise/-/pinkie-promise-2.0.1.tgz. Extracting by manifest.
84 silly tarball no local data for filename-reserved-regex@https://registry.npmjs.org/filename-reserved-regex/-/filename-reserved-regex-2.0.0.tgz. Extracting by manifest.
85 silly tarball no local data for array-uniq@https://registry.npmjs.org/array-uniq/-/array-uniq-1.0.3.tgz. Extracting by manifest.
86 silly tarball no local data for filenamify@https://registry.npmjs.org/filenamify/-/filenamify-4.3.0.tgz. Extracting by manifest.
87 silly tarball no local data for commander@https://registry.npmjs.org/commander/-/commander-11.1.0.tgz. Extracting by manifest.
88 silly tarball no local data for fs-extra@https://registry.npmjs.org/fs-extra/-/fs-extra-11.2.0.tgz. Extracting by manifest.
89 silly tarball no local data for trim-repeated@https://registry.npmjs.org/trim-repeated/-/trim-repeated-1.0.0.tgz. Extracting by manifest.
90 silly tarball no local data for globby@https://registry.npmjs.org/globby/-/globby-6.1.0.tgz. Extracting by manifest.
91 silly tarball no local data for email-addresses@https://registry.npmjs.org/email-addresses/-/email-addresses-5.0.0.tgz. Extracting by manifest.
92 silly tarball no local data for array-union@https://registry.npmjs.org/array-union/-/array-union-1.0.2.tgz. Extracting by manifest.
93 silly tarball no local data for strip-outer@https://registry.npmjs.org/strip-outer/-/strip-outer-1.0.1.tgz. Extracting by manifest.
94 silly tarball no local data for gh-pages@https://registry.npmjs.org/gh-pages/-/gh-pages-6.1.1.tgz. Extracting by manifest.
95 silly tarball no local data for pinkie@https://registry.npmjs.org/pinkie/-/pinkie-2.0.4.tgz. Extracting by manifest.
96 http fetch GET 200 https://registry.npmjs.org/array-uniq/-/array-uniq-1.0.3.tgz 80ms (cache miss)
97 http fetch GET 200 https://registry.npmjs.org/pinkie-promise/-/pinkie-promise-2.0.1.tgz 80ms (cache miss)
98 http fetch GET 200 https://registry.npmjs.org/filename-reserved-regex/-/filename-reserved-regex-2.0.0.tgz 80ms (cache miss)
99 http fetch GET 200 https://registry.npmjs.org/filenamify/-/filenamify-4.3.0.tgz 90ms (cache miss)
100 http fetch POST 200 https://registry.npmjs.org/-/npm/v1/security/advisories/bulk 111ms
101 silly audit report {
101 silly audit report   braces: [
101 silly audit report     {
101 silly audit report       id: 1098094,
101 silly audit report       url: 'https://github.com/advisories/GHSA-grv7-fg5c-xmjg',
101 silly audit report       title: 'Uncontrolled resource consumption in braces',
101 silly audit report       severity: 'high',
101 silly audit report       vulnerable_versions: '<3.0.3',
101 silly audit report       cwe: [Array],
101 silly audit report       cvss: [Object]
101 silly audit report     }
101 silly audit report   ],
101 silly audit report   ejs: [
101 silly audit report     {
101 silly audit report       id: 1098366,
101 silly audit report       url: 'https://github.com/advisories/GHSA-ghr5-ch3p-vcr6',
101 silly audit report       title: 'ejs lacks certain pollution protection',
101 silly audit report       severity: 'moderate',
101 silly audit report       vulnerable_versions: '<3.1.10',
101 silly audit report       cwe: [Array],
101 silly audit report       cvss: [Object]
101 silly audit report     }
101 silly audit report   ],
101 silly audit report   'nth-check': [
101 silly audit report     {
101 silly audit report       id: 1095141,
101 silly audit report       url: 'https://github.com/advisories/GHSA-rp65-9cf3-cjxr',
101 silly audit report       title: 'Inefficient Regular Expression Complexity in nth-check',
101 silly audit report       severity: 'high',
101 silly audit report       vulnerable_versions: '<2.0.1',
101 silly audit report       cwe: [Array],
101 silly audit report       cvss: [Object]
101 silly audit report     }
101 silly audit report   ],
101 silly audit report   postcss: [
101 silly audit report     {
101 silly audit report       id: 1094544,
101 silly audit report       url: 'https://github.com/advisories/GHSA-7fh5-64p2-3v2j',
101 silly audit report       title: 'PostCSS line return parsing error',
101 silly audit report       severity: 'moderate',
101 silly audit report       vulnerable_versions: '<8.4.31',
101 silly audit report       cwe: [Array],
101 silly audit report       cvss: [Object]
101 silly audit report     }
101 silly audit report   ],
101 silly audit report   ws: [
101 silly audit report     {
101 silly audit report       id: 1097615,
101 silly audit report       url: 'https://github.com/advisories/GHSA-3h5v-q93c-6h6q',
101 silly audit report       title: 'ws affected by a DoS when handling a request with many HTTP headers',
101 silly audit report       severity: 'high',
101 silly audit report       vulnerable_versions: '>=8.0.0 <8.17.1',
101 silly audit report       cwe: [Array],
101 silly audit report       cvss: [Object]
101 silly audit report     },
101 silly audit report     {
101 silly audit report       id: 1097616,
101 silly audit report       url: 'https://github.com/advisories/GHSA-3h5v-q93c-6h6q',
101 silly audit report       title: 'ws affected by a DoS when handling a request with many HTTP headers',
101 silly audit report       severity: 'high',
101 silly audit report       vulnerable_versions: '>=7.0.0 <7.5.10',
101 silly audit report       cwe: [Array],
101 silly audit report       cvss: [Object]
101 silly audit report     }
101 silly audit report   ]
101 silly audit report }
102 silly packumentCache corgi:https://registry.npmjs.org/braces cache-miss
103 silly packumentCache corgi:https://registry.npmjs.org/ejs cache-miss
104 silly packumentCache corgi:https://registry.npmjs.org/nth-check cache-miss
105 silly packumentCache corgi:https://registry.npmjs.org/postcss cache-miss
106 silly packumentCache corgi:https://registry.npmjs.org/ws cache-miss
107 http fetch GET 200 https://registry.npmjs.org/braces 25ms (cache hit)
108 silly packumentCache corgi:https://registry.npmjs.org/braces set size:35919 disposed:false
109 http fetch GET 200 https://registry.npmjs.org/postcss 25ms (cache hit)
110 silly packumentCache corgi:https://registry.npmjs.org/postcss set size:323660 disposed:false
111 http fetch GET 200 https://registry.npmjs.org/ejs 32ms (cache hit)
112 silly packumentCache corgi:https://registry.npmjs.org/ejs set size:64208 disposed:false
113 http fetch GET 200 https://registry.npmjs.org/nth-check 33ms (cache hit)
114 silly packumentCache corgi:https://registry.npmjs.org/nth-check set size:10078 disposed:false
115 http fetch GET 200 https://registry.npmjs.org/ws 35ms (cache hit)
116 silly packumentCache corgi:https://registry.npmjs.org/ws set size:190597 disposed:false
117 silly packumentCache corgi:https://registry.npmjs.org/chokidar cache-miss
118 silly packumentCache corgi:https://registry.npmjs.org/micromatch cache-miss
119 http fetch GET 200 https://registry.npmjs.org/globby/-/globby-6.1.0.tgz 162ms (cache miss)
120 http fetch GET 200 https://registry.npmjs.org/array-union/-/array-union-1.0.2.tgz 163ms (cache miss)
121 http fetch GET 200 https://registry.npmjs.org/trim-repeated/-/trim-repeated-1.0.0.tgz 166ms (cache miss)
122 http fetch GET 200 https://registry.npmjs.org/micromatch 25ms (cache hit)
123 silly packumentCache corgi:https://registry.npmjs.org/micromatch set size:71026 disposed:false
124 http fetch GET 200 https://registry.npmjs.org/chokidar 27ms (cache hit)
125 silly packumentCache corgi:https://registry.npmjs.org/chokidar set size:118775 disposed:false
126 silly packumentCache corgi:https://registry.npmjs.org/@surma%2frollup-plugin-off-main-thread cache-miss
127 http fetch GET 200 https://registry.npmjs.org/pinkie/-/pinkie-2.0.4.tgz 168ms (cache miss)
128 http fetch GET 200 https://registry.npmjs.org/strip-outer/-/strip-outer-1.0.1.tgz 169ms (cache miss)
129 http fetch GET 200 https://registry.npmjs.org/@surma%2frollup-plugin-off-main-thread 6ms (cache hit)
130 silly packumentCache corgi:https://registry.npmjs.org/@surma%2frollup-plugin-off-main-thread set size:22447 disposed:false
131 silly packumentCache corgi:https://registry.npmjs.org/css-select cache-miss
132 http fetch GET 200 https://registry.npmjs.org/css-select 12ms (cache hit)
133 silly packumentCache corgi:https://registry.npmjs.org/css-select set size:44393 disposed:false
134 silly packumentCache corgi:https://registry.npmjs.org/resolve-url-loader cache-miss
135 http fetch GET 200 https://registry.npmjs.org/gh-pages/-/gh-pages-6.1.1.tgz 190ms (cache miss)
136 http fetch GET 200 https://registry.npmjs.org/resolve-url-loader 12ms (cache hit)
137 silly packumentCache corgi:https://registry.npmjs.org/resolve-url-loader set size:61938 disposed:false
138 silly packumentCache corgi:https://registry.npmjs.org/webpack-dev-server cache-miss
139 http fetch GET 200 https://registry.npmjs.org/email-addresses/-/email-addresses-5.0.0.tgz 210ms (cache miss)
140 http fetch GET 200 https://registry.npmjs.org/webpack-dev-server 11ms (cache hit)
141 silly packumentCache corgi:https://registry.npmjs.org/webpack-dev-server set size:443022 disposed:false
142 silly packumentCache corgi:https://registry.npmjs.org/jsdom cache-miss
143 http fetch GET 200 https://registry.npmjs.org/jsdom 6ms (cache hit)
144 silly packumentCache corgi:https://registry.npmjs.org/jsdom set size:347206 disposed:false
145 silly packumentCache corgi:https://registry.npmjs.org/svgo cache-miss
146 http fetch GET 200 https://registry.npmjs.org/commander/-/commander-11.1.0.tgz 234ms (cache miss)
147 http fetch GET 200 https://registry.npmjs.org/svgo 5ms (cache hit)
148 silly packumentCache corgi:https://registry.npmjs.org/svgo set size:124929 disposed:false
149 silly packumentCache corgi:https://registry.npmjs.org/react-scripts cache-miss
150 http fetch GET 200 https://registry.npmjs.org/react-scripts 4ms (cache hit)
151 silly packumentCache corgi:https://registry.npmjs.org/react-scripts set size:340205 disposed:false
152 silly packumentCache corgi:https://registry.npmjs.org/@svgr%2fplugin-svgo cache-miss
153 http fetch GET 200 https://registry.npmjs.org/@svgr%2fplugin-svgo 5ms (cache hit)
154 silly packumentCache corgi:https://registry.npmjs.org/@svgr%2fplugin-svgo set size:36570 disposed:false
155 silly packumentCache corgi:https://registry.npmjs.org/@svgr%2fwebpack cache-miss
156 http fetch GET 200 https://registry.npmjs.org/@svgr%2fwebpack 8ms (cache hit)
157 silly packumentCache corgi:https://registry.npmjs.org/@svgr%2fwebpack set size:85201 disposed:false
158 http fetch GET 200 https://registry.npmjs.org/fs-extra/-/fs-extra-11.2.0.tgz 281ms (cache miss)
159 silly ADD node_modules/array-uniq
160 silly ADD node_modules/pinkie
161 silly ADD node_modules/pinkie-promise
162 silly ADD node_modules/trim-repeated
163 silly ADD node_modules/strip-outer
164 silly ADD node_modules/filename-reserved-regex
165 silly ADD node_modules/filenamify
166 silly ADD node_modules/email-addresses
167 silly ADD node_modules/gh-pages
168 silly ADD node_modules/gh-pages/node_modules/array-union
169 silly ADD node_modules/gh-pages/node_modules/globby
170 silly ADD node_modules/gh-pages/node_modules/fs-extra
171 silly ADD node_modules/gh-pages/node_modules/commander
172 silly ADD
173 verbose cwd C:\Users\mikem\Desktop\Evangadi\Phase-3\Week-5\Apple-Class Component-and-Props\react-apple-props
174 verbose os Windows_NT 10.0.22631
175 verbose node v20.11.1
176 verbose npm  v10.8.2
177 verbose exit 0
178 info ok
